<?xml version="1.0" encoding="UTF-8"?>
<!-- Generated by org.testng.reporters.JUnitReportReporter -->
<testsuite skipped="0" hostname="DESKTOP-EUNFVH5" name="ResponseValidation.StaticResponseValidation" tests="1" failures="0" timestamp="21 Apr 2022 18:23:31 GMT" time="4.635" errors="0">
  <testcase name="staticResponseValidation" time="4.635" classname="ResponseValidation.StaticResponseValidation"/>
</testsuite> <!-- ResponseValidation.StaticResponseValidation -->
