<?xml version="1.0" encoding="UTF-8"?>
<!-- Generated by org.testng.reporters.JUnitReportReporter -->
<testsuite skipped="0" hostname="DESKTOP-EUNFVH5" name="DifferentWaysToPost.CreateProjectUSingHashMap" tests="1" failures="0" timestamp="20 Apr 2022 11:47:09 GMT" time="3.302" errors="0">
  <testcase name="createProjectUSingHashMap" time="3.302" classname="DifferentWaysToPost.CreateProjectUSingHashMap"/>
</testsuite> <!-- DifferentWaysToPost.CreateProjectUSingHashMap -->
