<?xml version="1.0" encoding="UTF-8"?>
<!-- Generated by org.testng.reporters.JUnitReportReporter -->
<testsuite skipped="0" hostname="DESKTOP-EUNFVH5" name="Authentication.Oauth2_0" tests="1" failures="0" timestamp="21 Apr 2022 12:57:14 GMT" time="4.109" errors="0">
  <testcase name="oauth2_0" time="4.109" classname="Authentication.Oauth2_0"/>
</testsuite> <!-- Authentication.Oauth2_0 -->
