<?xml version="1.0" encoding="UTF-8"?>
<!-- Generated by org.testng.reporters.JUnitReportReporter -->
<testsuite skipped="0" hostname="DESKTOP-EUNFVH5" name="RequestChaining.CreatePRojectAndDeleteProject" tests="1" failures="0" timestamp="21 Apr 2022 10:46:37 GMT" time="4.376" errors="0">
  <testcase name="createPRojectAndDeleteProject" time="4.376" classname="RequestChaining.CreatePRojectAndDeleteProject"/>
</testsuite> <!-- RequestChaining.CreatePRojectAndDeleteProject -->
