<?xml version="1.0" encoding="UTF-8"?>
<!-- Generated by org.testng.reporters.JUnitReportReporter -->
<testsuite skipped="0" hostname="DESKTOP-EUNFVH5" name="com.rmg.projectTest.SampleProjectTest" tests="1" failures="0" timestamp="19 Apr 2022 12:30:16 GMT" time="2.726" errors="0">
  <testcase name="getAllProjectTest" time="2.726" classname="com.rmg.projectTest.SampleProjectTest"/>
</testsuite> <!-- com.rmg.projectTest.SampleProjectTest -->
