<?xml version="1.0" encoding="UTF-8"?>
<!-- Generated by org.testng.reporters.JUnitReportReporter -->
<testsuite skipped="0" hostname="DESKTOP-EUNFVH5" name="Authentication.Basic_Auth" tests="3" failures="0" timestamp="21 Apr 2022 11:06:26 GMT" time="3.566" errors="0">
  <testcase name="basicAuth" time="2.983" classname="Authentication.Basic_Auth"/>
  <testcase name="basicDigestiveAuth" time="0.230" classname="Authentication.Basic_Auth"/>
  <testcase name="basicPreEmptiveAuth" time="0.353" classname="Authentication.Basic_Auth"/>
</testsuite> <!-- Authentication.Basic_Auth -->
