<?xml version="1.0" encoding="UTF-8"?>
<!-- Generated by org.testng.reporters.JUnitReportReporter -->
<testsuite skipped="0" hostname="DESKTOP-EUNFVH5" name="RequestChaining.CreateProjectAndGetProject" tests="1" failures="0" timestamp="21 Apr 2022 10:30:21 GMT" time="4.673" errors="0">
  <testcase name="createProjectAndGetProject" time="4.673" classname="RequestChaining.CreateProjectAndGetProject"/>
</testsuite> <!-- RequestChaining.CreateProjectAndGetProject -->
