<?xml version="1.0" encoding="UTF-8"?>
<!-- Generated by org.testng.reporters.JUnitReportReporter -->
<testsuite skipped="0" hostname="DESKTOP-EUNFVH5" name="CRUDOperationsWithBDD.CreateProject" tests="1" failures="0" timestamp="20 Apr 2022 09:58:58 GMT" time="3.509" errors="0">
  <testcase name="createProject" time="3.509" classname="CRUDOperationsWithBDD.CreateProject"/>
</testsuite> <!-- CRUDOperationsWithBDD.CreateProject -->
