<?xml version="1.0" encoding="UTF-8"?>
<!-- Generated by org.testng.reporters.JUnitReportReporter -->
<testsuite skipped="0" hostname="DESKTOP-EUNFVH5" name="CRUDOperationsWithoutBDD.GetSingleProjectTest" tests="1" failures="0" timestamp="20 Apr 2022 09:39:56 GMT" time="7.096" errors="0">
  <testcase name="getSingleProject" time="7.096" classname="CRUDOperationsWithoutBDD.GetSingleProjectTest"/>
</testsuite> <!-- CRUDOperationsWithoutBDD.GetSingleProjectTest -->
