<?xml version="1.0" encoding="UTF-8"?>
<!-- Generated by org.testng.reporters.JUnitReportReporter -->
<testsuite skipped="0" hostname="DESKTOP-EUNFVH5" name="DifferentWaysToPost.CreateProjectUsingJSONObject" tests="1" failures="0" timestamp="21 Apr 2022 06:30:47 GMT" time="3.508" errors="0">
  <testcase name="createProject" time="3.508" classname="DifferentWaysToPost.CreateProjectUsingJSONObject"/>
</testsuite> <!-- DifferentWaysToPost.CreateProjectUsingJSONObject -->
