<?xml version="1.0" encoding="UTF-8"?>
<!-- Generated by org.testng.reporters.JUnitReportReporter -->
<testsuite skipped="0" hostname="DESKTOP-EUNFVH5" name="ResponseValidation.DynamicResponseValidation" tests="1" failures="0" timestamp="21 Apr 2022 06:48:04 GMT" time="3.093" errors="0">
  <testcase name="dynamicResponseValidation" time="3.093" classname="ResponseValidation.DynamicResponseValidation"/>
</testsuite> <!-- ResponseValidation.DynamicResponseValidation -->
