<?xml version="1.0" encoding="UTF-8"?>
<!-- Generated by org.testng.reporters.JUnitReportReporter -->
<testsuite skipped="0" hostname="DESKTOP-EUNFVH5" name="Parameters.ParameterTest_ForGit" tests="1" failures="0" timestamp="21 Apr 2022 10:36:06 GMT" time="12.339" errors="0">
  <testcase name="parametersTest" time="12.339" classname="Parameters.ParameterTest_ForGit"/>
</testsuite> <!-- Parameters.ParameterTest_ForGit -->
