<?xml version="1.0" encoding="UTF-8"?>
<!-- Generated by org.testng.reporters.JUnitReportReporter -->
<testsuite skipped="0" hostname="DESKTOP-EUNFVH5" name="Authentication.Bearer_Token" tests="1" failures="0" timestamp="21 Apr 2022 11:17:36 GMT" time="6.367" errors="0">
  <testcase name="bearerToken" time="6.367" classname="Authentication.Bearer_Token"/>
</testsuite> <!-- Authentication.Bearer_Token -->
