<?xml version="1.0" encoding="UTF-8"?>
<!-- Generated by org.testng.reporters.JUnitReportReporter -->
<testsuite skipped="0" hostname="DESKTOP-EUNFVH5" name="DifferentWaysToPost.CreateProjectUsingPOJO" tests="1" failures="0" timestamp="20 Apr 2022 12:28:18 GMT" time="5.475" errors="0">
  <testcase name="createProject" time="5.475" classname="DifferentWaysToPost.CreateProjectUsingPOJO"/>
</testsuite> <!-- DifferentWaysToPost.CreateProjectUsingPOJO -->
