<?xml version="1.0" encoding="UTF-8"?>
<!-- Generated by org.testng.reporters.JUnitReportReporter -->
<testsuite skipped="0" hostname="DESKTOP-EUNFVH5" name="Parameters.Query_Parameter" tests="1" failures="0" timestamp="21 Apr 2022 09:32:55 GMT" time="6.838" errors="0">
  <testcase name="queryParameter" time="6.838" classname="Parameters.Query_Parameter"/>
</testsuite> <!-- Parameters.Query_Parameter -->
