<?xml version="1.0" encoding="UTF-8"?>
<!-- Generated by org.testng.reporters.JUnitReportReporter -->
<testsuite skipped="0" hostname="DESKTOP-EUNFVH5" name="CRUDOperationsWithBDD.UpdateProject" tests="1" failures="0" timestamp="21 Apr 2022 06:47:23 GMT" time="3.311" errors="0">
  <testcase name="updateProject" time="3.311" classname="CRUDOperationsWithBDD.UpdateProject"/>
</testsuite> <!-- CRUDOperationsWithBDD.UpdateProject -->
