<?xml version="1.0" encoding="UTF-8"?>
<!-- Generated by org.testng.reporters.JUnitReportReporter -->
<testsuite skipped="0" hostname="DESKTOP-EUNFVH5" name="Parameters.Path_Parameter" tests="1" failures="0" timestamp="21 Apr 2022 08:28:02 GMT" time="2.711" errors="0">
  <testcase name="pathParameter" time="2.711" classname="Parameters.Path_Parameter"/>
</testsuite> <!-- Parameters.Path_Parameter -->
