<?xml version="1.0" encoding="UTF-8"?>
<!-- Generated by org.testng.reporters.JUnitReportReporter -->
<testsuite skipped="0" hostname="DESKTOP-EUNFVH5" name="CRUDOperationsWithoutBDD.GetAllProjectsTest" tests="1" failures="0" timestamp="20 Apr 2022 09:34:34 GMT" time="14.318" errors="0">
  <testcase name="getAllProjects" time="14.318" classname="CRUDOperationsWithoutBDD.GetAllProjectsTest"/>
</testsuite> <!-- CRUDOperationsWithoutBDD.GetAllProjectsTest -->
