<?xml version="1.0" encoding="UTF-8"?>
<!-- Generated by org.testng.reporters.JUnitReportReporter -->
<testsuite skipped="0" hostname="DESKTOP-EUNFVH5" name="Parameters.FormParameter" tests="1" failures="0" timestamp="21 Apr 2022 09:39:48 GMT" time="3.970" errors="0">
  <testcase name="createProjectUsing_FormParameter" time="3.970" classname="Parameters.FormParameter"/>
</testsuite> <!-- Parameters.FormParameter -->
