<?xml version="1.0" encoding="UTF-8"?>
<!-- Generated by org.testng.reporters.JUnitReportReporter -->
<testsuite skipped="0" hostname="DESKTOP-EUNFVH5" name="CRUDOperationsWithoutBDD.CreateProjectTest" tests="1" failures="0" timestamp="20 Apr 2022 09:49:52 GMT" time="3.321" errors="0">
  <testcase name="createProjectTest" time="3.321" classname="CRUDOperationsWithoutBDD.CreateProjectTest"/>
</testsuite> <!-- CRUDOperationsWithoutBDD.CreateProjectTest -->
