<?xml version="1.0" encoding="UTF-8"?>
<!-- Generated by org.testng.reporters.JUnitReportReporter -->
<testsuite skipped="0" hostname="DESKTOP-EUNFVH5" name="DifferentWaysToPost.CreateProjectUsingJSONFile" tests="1" failures="0" timestamp="20 Apr 2022 12:00:55 GMT" time="6.151" errors="0">
  <testcase name="createProject" time="6.151" classname="DifferentWaysToPost.CreateProjectUsingJSONFile"/>
</testsuite> <!-- DifferentWaysToPost.CreateProjectUsingJSONFile -->
