<?xml version="1.0" encoding="UTF-8"?>
<!-- Generated by org.testng.reporters.JUnitReportReporter -->
<testsuite skipped="0" hostname="DESKTOP-EUNFVH5" name="CRUDOperationsWithBDD.GetAllProjects" tests="1" failures="0" timestamp="21 Apr 2022 06:24:28 GMT" time="3.511" errors="0">
  <testcase name="getAllProjects" time="3.511" classname="CRUDOperationsWithBDD.GetAllProjects"/>
</testsuite> <!-- CRUDOperationsWithBDD.GetAllProjects -->
