<?xml version="1.0" encoding="UTF-8"?>
<!-- Generated by org.testng.reporters.JUnitReportReporter -->
<testsuite skipped="0" hostname="DESKTOP-EUNFVH5" name="CRUDOperationsWithBDD.GetSingleProject" tests="1" failures="0" timestamp="20 Apr 2022 10:10:56 GMT" time="5.892" errors="0">
  <testcase name="getSingleProject" time="5.892" classname="CRUDOperationsWithBDD.GetSingleProject"/>
</testsuite> <!-- CRUDOperationsWithBDD.GetSingleProject -->
