<?xml version="1.0" encoding="UTF-8"?>
<!-- Generated by org.testng.reporters.JUnitReportReporter -->
<testsuite skipped="0" hostname="DESKTOP-EUNFVH5" name="ResponseValidation.Response_TimeValidation" tests="1" failures="0" timestamp="21 Apr 2022 07:28:58 GMT" time="4.548" errors="0">
  <testcase name="response_TimeValidation" time="4.548" classname="ResponseValidation.Response_TimeValidation"/>
</testsuite> <!-- ResponseValidation.Response_TimeValidation -->
