<?xml version="1.0" encoding="UTF-8"?>
<!-- Generated by org.testng.reporters.JUnitReportReporter -->
<testsuite skipped="0" hostname="DESKTOP-EUNFVH5" name="DataDrivenTest.CreateMultipleProjectWithDiffData" tests="3" failures="0" timestamp="21 Apr 2022 09:44:37 GMT" time="4.671" errors="0">
  <testcase name="createProject" time="0.121" classname="DataDrivenTest.CreateMultipleProjectWithDiffData"/>
  <testcase name="createProject" time="4.456" classname="DataDrivenTest.CreateMultipleProjectWithDiffData"/>
  <testcase name="createProject" time="0.094" classname="DataDrivenTest.CreateMultipleProjectWithDiffData"/>
</testsuite> <!-- DataDrivenTest.CreateMultipleProjectWithDiffData -->
